mode: atomic
github.com/tentacle-scylla/hydra/cmd/ui/prompts.go:21.42,30.40 3 0
github.com/tentacle-scylla/hydra/cmd/ui/prompts.go:30.40,32.32 2 0
github.com/tentacle-scylla/hydra/cmd/ui/prompts.go:32.32,34.4 1 0
github.com/tentacle-scylla/hydra/cmd/ui/prompts.go:35.3,35.27 1 0
github.com/tentacle-scylla/hydra/cmd/ui/prompts.go:35.27,37.4 1 0
github.com/tentacle-scylla/hydra/cmd/ui/prompts.go:38.3,38.75 1 0
github.com/tentacle-scylla/hydra/cmd/ui/prompts.go:42.2,69.16 5 0
github.com/tentacle-scylla/hydra/cmd/ui/prompts.go:69.16,71.3 1 0
github.com/tentacle-scylla/hydra/cmd/ui/prompts.go:74.2,74.20 1 0
github.com/tentacle-scylla/hydra/cmd/ui/prompts.go:75.16,76.16 1 0
github.com/tentacle-scylla/hydra/cmd/ui/prompts.go:77.15,89.17 4 0
github.com/tentacle-scylla/hydra/cmd/ui/prompts.go:89.17,91.4 1 0
github.com/tentacle-scylla/hydra/cmd/ui/prompts.go:92.3,92.24 1 0
github.com/tentacle-scylla/hydra/cmd/ui/prompts.go:93.18,100.17 2 0
github.com/tentacle-scylla/hydra/cmd/ui/prompts.go:100.17,102.4 1 0
github.com/tentacle-scylla/hydra/cmd/ui/prompts.go:106.2,112.16 2 0
github.com/tentacle-scylla/hydra/cmd/ui/prompts.go:112.16,114.3 1 0
github.com/tentacle-scylla/hydra/cmd/ui/prompts.go:116.2,116.17 1 0
github.com/tentacle-scylla/hydra/cmd/ui/prompts.go:120.55,130.2 3 0
github.com/tentacle-scylla/hydra/cmd/ui/prompts.go:133.69,134.24 1 0
github.com/tentacle-scylla/hydra/cmd/ui/prompts.go:134.24,136.3 1 0
github.com/tentacle-scylla/hydra/cmd/ui/prompts.go:138.2,138.24 1 0
github.com/tentacle-scylla/hydra/cmd/ui/prompts.go:138.24,140.3 1 0
github.com/tentacle-scylla/hydra/cmd/ui/prompts.go:142.2,144.29 3 0
github.com/tentacle-scylla/hydra/cmd/ui/prompts.go:144.29,146.3 1 0
github.com/tentacle-scylla/hydra/cmd/ui/prompts.go:148.2,154.22 2 0
github.com/tentacle-scylla/hydra/cmd/ui/styles.go:68.46,70.2 1 0
github.com/tentacle-scylla/hydra/cmd/ui/styles.go:73.41,75.2 1 0
github.com/tentacle-scylla/hydra/cmd/ui/styles.go:78.51,80.2 1 0
github.com/tentacle-scylla/hydra/cmd/ui/styles.go:92.28,98.2 1 0
github.com/tentacle-scylla/hydra/cmd/ui/styles.go:101.41,103.12 2 0
github.com/tentacle-scylla/hydra/cmd/ui/styles.go:103.12,108.7 4 0
github.com/tentacle-scylla/hydra/cmd/ui/styles.go:108.7,109.11 1 0
github.com/tentacle-scylla/hydra/cmd/ui/styles.go:110.18,113.11 2 0
github.com/tentacle-scylla/hydra/cmd/ui/styles.go:114.20,117.48 3 0
github.com/tentacle-scylla/hydra/cmd/ui/styles.go:124.49,126.2 1 0
github.com/tentacle-scylla/hydra/cmd/ui/styles.go:129.26,132.2 2 0
github.com/tentacle-scylla/hydra/cmd/ui/styles.go:135.51,138.2 2 0
github.com/tentacle-scylla/hydra/cmd/ui/styles.go:141.49,144.2 2 0
github.com/tentacle-scylla/hydra/cmd/main.go:21.13,22.22 1 0
github.com/tentacle-scylla/hydra/cmd/main.go:22.22,25.3 2 0
github.com/tentacle-scylla/hydra/cmd/main.go:27.2,30.13 3 0
github.com/tentacle-scylla/hydra/cmd/main.go:31.16,32.18 1 0
github.com/tentacle-scylla/hydra/cmd/main.go:33.15,34.17 1 0
github.com/tentacle-scylla/hydra/cmd/main.go:35.14,36.16 1 0
github.com/tentacle-scylla/hydra/cmd/main.go:37.17,38.19 1 0
github.com/tentacle-scylla/hydra/cmd/main.go:39.20,40.16 1 0
github.com/tentacle-scylla/hydra/cmd/main.go:41.14,42.16 1 0
github.com/tentacle-scylla/hydra/cmd/main.go:43.14,44.16 1 0
github.com/tentacle-scylla/hydra/cmd/main.go:45.18,46.16 1 0
github.com/tentacle-scylla/hydra/cmd/main.go:47.14,48.15 1 0
github.com/tentacle-scylla/hydra/cmd/main.go:49.10,52.13 3 0
github.com/tentacle-scylla/hydra/cmd/main.go:56.20,112.37 4 0
github.com/tentacle-scylla/hydra/cmd/main.go:112.37,114.26 2 0
github.com/tentacle-scylla/hydra/cmd/main.go:114.26,116.4 1 0
github.com/tentacle-scylla/hydra/cmd/main.go:117.3,117.16 1 0
github.com/tentacle-scylla/hydra/cmd/main.go:119.2,119.15 1 0
github.com/tentacle-scylla/hydra/cmd/main.go:122.19,145.2 2 0
github.com/tentacle-scylla/hydra/cmd/main.go:147.31,166.17 14 0
github.com/tentacle-scylla/hydra/cmd/main.go:166.17,169.17 2 0
github.com/tentacle-scylla/hydra/cmd/main.go:169.17,172.4 2 0
github.com/tentacle-scylla/hydra/cmd/main.go:174.3,184.26 2 0
github.com/tentacle-scylla/hydra/cmd/main.go:184.26,186.18 2 0
github.com/tentacle-scylla/hydra/cmd/main.go:186.18,189.5 2 0
github.com/tentacle-scylla/hydra/cmd/main.go:190.4,190.59 1 0
github.com/tentacle-scylla/hydra/cmd/main.go:191.9,197.4 1 0
github.com/tentacle-scylla/hydra/cmd/main.go:198.8,201.24 2 0
github.com/tentacle-scylla/hydra/cmd/main.go:201.24,203.4 1 0
github.com/tentacle-scylla/hydra/cmd/main.go:204.3,205.27 2 0
github.com/tentacle-scylla/hydra/cmd/main.go:205.27,207.4 1 0
github.com/tentacle-scylla/hydra/cmd/main.go:208.3,209.24 2 0
github.com/tentacle-scylla/hydra/cmd/main.go:209.24,211.4 1 0
github.com/tentacle-scylla/hydra/cmd/main.go:213.3,223.21 2 0
github.com/tentacle-scylla/hydra/cmd/main.go:223.21,225.18 2 0
github.com/tentacle-scylla/hydra/cmd/main.go:225.18,228.5 2 0
github.com/tentacle-scylla/hydra/cmd/main.go:229.4,229.59 1 0
github.com/tentacle-scylla/hydra/cmd/main.go:230.9,236.4 1 0
github.com/tentacle-scylla/hydra/cmd/main.go:240.2,241.46 2 0
github.com/tentacle-scylla/hydra/cmd/main.go:241.46,243.3 1 0
github.com/tentacle-scylla/hydra/cmd/main.go:246.2,246.23 1 0
github.com/tentacle-scylla/hydra/cmd/main.go:246.23,248.17 2 0
github.com/tentacle-scylla/hydra/cmd/main.go:248.17,251.4 2 0
github.com/tentacle-scylla/hydra/cmd/main.go:252.3,253.49 2 0
github.com/tentacle-scylla/hydra/cmd/main.go:254.8,257.17 2 0
github.com/tentacle-scylla/hydra/cmd/main.go:257.17,260.4 2 0
github.com/tentacle-scylla/hydra/cmd/main.go:261.3,261.15 1 0
github.com/tentacle-scylla/hydra/cmd/main.go:261.15,264.4 2 0
github.com/tentacle-scylla/hydra/cmd/main.go:268.2,268.38 1 0
github.com/tentacle-scylla/hydra/cmd/main.go:268.38,272.3 3 0
github.com/tentacle-scylla/hydra/cmd/main.go:275.2,275.35 1 0
github.com/tentacle-scylla/hydra/cmd/main.go:275.35,278.67 3 0
github.com/tentacle-scylla/hydra/cmd/main.go:278.67,281.4 2 0
github.com/tentacle-scylla/hydra/cmd/main.go:284.2,294.62 7 0
github.com/tentacle-scylla/hydra/cmd/main.go:294.62,296.21 2 0
github.com/tentacle-scylla/hydra/cmd/main.go:297.30,298.32 1 0
github.com/tentacle-scylla/hydra/cmd/main.go:299.32,300.40 1 0
github.com/tentacle-scylla/hydra/cmd/main.go:301.31,302.42 1 0
github.com/tentacle-scylla/hydra/cmd/main.go:306.2,306.43 1 0
github.com/tentacle-scylla/hydra/cmd/main.go:306.43,307.47 1 0
github.com/tentacle-scylla/hydra/cmd/main.go:307.47,309.4 1 0
github.com/tentacle-scylla/hydra/cmd/main.go:310.3,311.13 2 0
github.com/tentacle-scylla/hydra/cmd/main.go:315.2,319.24 5 0
github.com/tentacle-scylla/hydra/cmd/main.go:319.24,322.3 2 0
github.com/tentacle-scylla/hydra/cmd/main.go:323.2,324.129 2 0
github.com/tentacle-scylla/hydra/cmd/main.go:327.30,335.23 5 0
github.com/tentacle-scylla/hydra/cmd/main.go:335.23,337.17 2 0
github.com/tentacle-scylla/hydra/cmd/main.go:337.17,340.4 2 0
github.com/tentacle-scylla/hydra/cmd/main.go:341.3,341.25 1 0
github.com/tentacle-scylla/hydra/cmd/main.go:341.25,344.4 2 0
github.com/tentacle-scylla/hydra/cmd/main.go:345.3,346.17 2 0
github.com/tentacle-scylla/hydra/cmd/main.go:346.17,349.4 2 0
github.com/tentacle-scylla/hydra/cmd/main.go:352.2,352.39 1 0
github.com/tentacle-scylla/hydra/cmd/main.go:352.39,355.3 2 0
github.com/tentacle-scylla/hydra/cmd/main.go:357.2,357.41 1 0
github.com/tentacle-scylla/hydra/cmd/main.go:357.41,361.3 3 0
github.com/tentacle-scylla/hydra/cmd/main.go:363.2,371.48 5 0
github.com/tentacle-scylla/hydra/cmd/main.go:371.48,373.21 2 0
github.com/tentacle-scylla/hydra/cmd/main.go:374.30,375.32 1 0
github.com/tentacle-scylla/hydra/cmd/main.go:376.32,377.40 1 0
github.com/tentacle-scylla/hydra/cmd/main.go:378.31,379.42 1 0
github.com/tentacle-scylla/hydra/cmd/main.go:383.2,383.79 1 0
github.com/tentacle-scylla/hydra/cmd/main.go:383.79,384.47 1 0
github.com/tentacle-scylla/hydra/cmd/main.go:384.47,386.4 1 0
github.com/tentacle-scylla/hydra/cmd/main.go:387.3,388.13 2 0
github.com/tentacle-scylla/hydra/cmd/main.go:391.2,392.86 2 0
github.com/tentacle-scylla/hydra/cmd/main.go:395.29,403.23 5 0
github.com/tentacle-scylla/hydra/cmd/main.go:403.23,405.17 2 0
github.com/tentacle-scylla/hydra/cmd/main.go:405.17,408.4 2 0
github.com/tentacle-scylla/hydra/cmd/main.go:409.3,409.25 1 0
github.com/tentacle-scylla/hydra/cmd/main.go:409.25,412.4 2 0
github.com/tentacle-scylla/hydra/cmd/main.go:413.3,414.17 2 0
github.com/tentacle-scylla/hydra/cmd/main.go:414.17,417.4 2 0
github.com/tentacle-scylla/hydra/cmd/main.go:420.2,420.39 1 0
github.com/tentacle-scylla/hydra/cmd/main.go:420.39,423.3 2 0
github.com/tentacle-scylla/hydra/cmd/main.go:425.2,425.42 1 0
github.com/tentacle-scylla/hydra/cmd/main.go:425.42,428.3 2 0
github.com/tentacle-scylla/hydra/cmd/main.go:430.2,433.66 3 0
github.com/tentacle-scylla/hydra/cmd/main.go:433.66,436.3 2 0
github.com/tentacle-scylla/hydra/cmd/main.go:438.2,438.52 1 0
github.com/tentacle-scylla/hydra/cmd/main.go:441.32,450.23 6 0
github.com/tentacle-scylla/hydra/cmd/main.go:450.23,452.17 2 0
github.com/tentacle-scylla/hydra/cmd/main.go:452.17,455.4 2 0
github.com/tentacle-scylla/hydra/cmd/main.go:456.3,456.25 1 0
github.com/tentacle-scylla/hydra/cmd/main.go:456.25,459.4 2 0
github.com/tentacle-scylla/hydra/cmd/main.go:460.3,461.17 2 0
github.com/tentacle-scylla/hydra/cmd/main.go:461.17,464.4 2 0
github.com/tentacle-scylla/hydra/cmd/main.go:468.2,468.13 1 0
github.com/tentacle-scylla/hydra/cmd/main.go:468.13,470.17 2 0
github.com/tentacle-scylla/hydra/cmd/main.go:470.17,473.4 2 0
github.com/tentacle-scylla/hydra/cmd/main.go:474.3,474.15 1 0
github.com/tentacle-scylla/hydra/cmd/main.go:474.15,477.4 2 0
github.com/tentacle-scylla/hydra/cmd/main.go:480.2,483.69 3 0
github.com/tentacle-scylla/hydra/cmd/main.go:483.69,486.3 2 0
github.com/tentacle-scylla/hydra/cmd/main.go:488.2,488.54 1 0
github.com/tentacle-scylla/hydra/cmd/main.go:491.29,496.16 4 0
github.com/tentacle-scylla/hydra/cmd/main.go:496.16,499.3 2 0
github.com/tentacle-scylla/hydra/cmd/main.go:500.2,500.24 1 0
github.com/tentacle-scylla/hydra/cmd/main.go:500.24,503.3 2 0
github.com/tentacle-scylla/hydra/cmd/main.go:504.2,504.39 1 0
github.com/tentacle-scylla/hydra/cmd/main.go:504.39,506.3 1 0
github.com/tentacle-scylla/hydra/cmd/main.go:509.45,510.41 1 0
github.com/tentacle-scylla/hydra/cmd/main.go:510.41,513.3 2 0
github.com/tentacle-scylla/hydra/cmd/main.go:513.8,513.45 1 0
github.com/tentacle-scylla/hydra/cmd/main.go:513.45,515.3 1 0
github.com/tentacle-scylla/hydra/cmd/main.go:515.8,517.3 1 0
github.com/tentacle-scylla/hydra/cmd/main.go:520.29,528.23 5 0
github.com/tentacle-scylla/hydra/cmd/main.go:528.23,530.17 2 0
github.com/tentacle-scylla/hydra/cmd/main.go:530.17,533.4 2 0
github.com/tentacle-scylla/hydra/cmd/main.go:534.3,534.25 1 0
github.com/tentacle-scylla/hydra/cmd/main.go:534.25,537.4 2 0
github.com/tentacle-scylla/hydra/cmd/main.go:538.3,539.17 2 0
github.com/tentacle-scylla/hydra/cmd/main.go:539.17,542.4 2 0
github.com/tentacle-scylla/hydra/cmd/main.go:545.2,547.16 3 0
github.com/tentacle-scylla/hydra/cmd/main.go:547.16,550.3 2 0
github.com/tentacle-scylla/hydra/cmd/main.go:552.2,552.19 1 0
github.com/tentacle-scylla/hydra/cmd/main.go:555.29,567.23 9 0
github.com/tentacle-scylla/hydra/cmd/main.go:567.23,569.17 2 0
github.com/tentacle-scylla/hydra/cmd/main.go:569.17,572.4 2 0
github.com/tentacle-scylla/hydra/cmd/main.go:573.3,573.25 1 0
github.com/tentacle-scylla/hydra/cmd/main.go:573.25,576.4 2 0
github.com/tentacle-scylla/hydra/cmd/main.go:577.3,578.17 2 0
github.com/tentacle-scylla/hydra/cmd/main.go:578.17,581.4 2 0
github.com/tentacle-scylla/hydra/cmd/main.go:584.2,584.42 1 0
github.com/tentacle-scylla/hydra/cmd/main.go:584.42,587.3 2 0
github.com/tentacle-scylla/hydra/cmd/main.go:589.2,603.50 6 0
github.com/tentacle-scylla/hydra/cmd/main.go:603.50,604.37 1 0
github.com/tentacle-scylla/hydra/cmd/main.go:604.37,605.26 1 0
github.com/tentacle-scylla/hydra/cmd/main.go:605.26,607.5 1 0
github.com/tentacle-scylla/hydra/cmd/main.go:608.4,609.35 2 0
github.com/tentacle-scylla/hydra/cmd/main.go:610.9,612.4 1 0
github.com/tentacle-scylla/hydra/cmd/main.go:615.2,616.83 2 0
github.com/tentacle-scylla/hydra/cmd/main.go:616.83,620.3 3 0
github.com/tentacle-scylla/hydra/cmd/main.go:622.2,622.24 1 0
github.com/tentacle-scylla/hydra/cmd/main.go:622.24,624.3 1 0
github.com/tentacle-scylla/hydra/cmd/main.go:626.2,635.23 10 0
github.com/tentacle-scylla/hydra/cmd/main.go:635.23,637.3 1 0
github.com/tentacle-scylla/hydra/cmd/main.go:638.2,638.15 1 0
github.com/tentacle-scylla/hydra/cmd/main.go:638.15,641.3 2 0
github.com/tentacle-scylla/hydra/cmd/main.go:642.2,642.14 1 0
github.com/tentacle-scylla/hydra/cmd/main.go:642.14,644.3 1 0
github.com/tentacle-scylla/hydra/cmd/main.go:647.20,651.40 4 0
github.com/tentacle-scylla/hydra/cmd/main.go:651.40,654.32 3 0
github.com/tentacle-scylla/hydra/cmd/main.go:654.32,656.4 1 0
github.com/tentacle-scylla/hydra/cmd/main.go:657.3,657.27 1 0
github.com/tentacle-scylla/hydra/cmd/main.go:657.27,659.4 1 0
github.com/tentacle-scylla/hydra/cmd/main.go:660.3,660.27 1 0
github.com/tentacle-scylla/hydra/cmd/main.go:660.27,662.4 1 0
github.com/tentacle-scylla/hydra/cmd/main.go:663.3,663.40 1 0
github.com/tentacle-scylla/hydra/cmd/main.go:665.2,667.47 3 0
github.com/tentacle-scylla/hydra/cmd/main.go:667.47,669.3 1 0
github.com/tentacle-scylla/hydra/cmd/main.go:672.77,676.50 2 0
github.com/tentacle-scylla/hydra/cmd/main.go:676.50,678.17 2 0
github.com/tentacle-scylla/hydra/cmd/main.go:678.17,679.12 1 0
github.com/tentacle-scylla/hydra/cmd/main.go:682.3,683.13 2 0
github.com/tentacle-scylla/hydra/cmd/main.go:683.13,685.4 1 0
github.com/tentacle-scylla/hydra/cmd/main.go:687.3,688.17 2 0
github.com/tentacle-scylla/hydra/cmd/main.go:688.17,690.4 1 0
github.com/tentacle-scylla/hydra/cmd/main.go:692.3,692.72 1 0
github.com/tentacle-scylla/hydra/cmd/main.go:695.2,695.19 1 0
github.com/tentacle-scylla/hydra/cmd/main.go:695.19,697.3 1 0
github.com/tentacle-scylla/hydra/cmd/main.go:699.2,699.17 1 0
github.com/tentacle-scylla/hydra/cluster.go:26.38,30.2 1 0
github.com/tentacle-scylla/hydra/cluster.go:33.52,36.61 1 0
github.com/tentacle-scylla/hydra/cluster.go:36.61,38.3 1 0
github.com/tentacle-scylla/hydra/cluster.go:41.2,42.16 2 0
github.com/tentacle-scylla/hydra/cluster.go:42.16,44.3 1 0
github.com/tentacle-scylla/hydra/cluster.go:47.2,48.16 2 0
github.com/tentacle-scylla/hydra/cluster.go:48.16,50.3 1 0
github.com/tentacle-scylla/hydra/cluster.go:53.2,54.77 2 0
github.com/tentacle-scylla/hydra/cluster.go:54.77,56.3 1 0
github.com/tentacle-scylla/hydra/cluster.go:59.2,59.51 1 0
github.com/tentacle-scylla/hydra/cluster.go:59.51,61.52 2 0
github.com/tentacle-scylla/hydra/cluster.go:61.52,63.4 1 0
github.com/tentacle-scylla/hydra/cluster.go:64.3,64.42 1 0
github.com/tentacle-scylla/hydra/cluster.go:64.42,66.72 2 0
github.com/tentacle-scylla/hydra/cluster.go:66.72,68.5 1 0
github.com/tentacle-scylla/hydra/cluster.go:73.2,74.64 2 0
github.com/tentacle-scylla/hydra/cluster.go:74.64,76.3 1 0
github.com/tentacle-scylla/hydra/cluster.go:79.2,90.29 5 0
github.com/tentacle-scylla/hydra/cluster.go:90.29,101.3 1 0
github.com/tentacle-scylla/hydra/cluster.go:105.2,105.60 1 0
github.com/tentacle-scylla/hydra/cluster.go:105.60,109.30 2 0
github.com/tentacle-scylla/hydra/cluster.go:109.30,111.4 1 0
github.com/tentacle-scylla/hydra/cluster.go:113.3,114.30 2 0
github.com/tentacle-scylla/hydra/cluster.go:114.30,115.32 1 0
github.com/tentacle-scylla/hydra/cluster.go:115.32,117.5 1 0
github.com/tentacle-scylla/hydra/cluster.go:122.3,122.31 1 0
github.com/tentacle-scylla/hydra/cluster.go:122.31,123.30 1 0
github.com/tentacle-scylla/hydra/cluster.go:123.30,125.5 1 0
github.com/tentacle-scylla/hydra/cluster.go:127.3,135.58 3 0
github.com/tentacle-scylla/hydra/cluster.go:135.58,137.4 1 0
github.com/tentacle-scylla/hydra/cluster.go:141.3,141.31 1 0
github.com/tentacle-scylla/hydra/cluster.go:141.31,142.30 1 0
github.com/tentacle-scylla/hydra/cluster.go:142.30,144.5 1 0
github.com/tentacle-scylla/hydra/cluster.go:146.3,154.30 3 0
github.com/tentacle-scylla/hydra/cluster.go:154.30,155.64 1 0
github.com/tentacle-scylla/hydra/cluster.go:155.64,158.5 2 0
github.com/tentacle-scylla/hydra/cluster.go:160.4,160.32 1 0
github.com/tentacle-scylla/hydra/cluster.go:160.32,161.42 1 0
github.com/tentacle-scylla/hydra/cluster.go:161.42,164.11 3 0
github.com/tentacle-scylla/hydra/cluster.go:167.4,174.6 2 0
github.com/tentacle-scylla/hydra/cluster.go:178.3,178.28 1 0
github.com/tentacle-scylla/hydra/cluster.go:178.28,180.32 1 0
github.com/tentacle-scylla/hydra/cluster.go:180.32,181.32 1 0
github.com/tentacle-scylla/hydra/cluster.go:181.32,183.6 1 0
github.com/tentacle-scylla/hydra/cluster.go:185.4,194.59 3 0
github.com/tentacle-scylla/hydra/cluster.go:194.59,196.5 1 0
github.com/tentacle-scylla/hydra/cluster.go:199.4,199.32 1 0
github.com/tentacle-scylla/hydra/cluster.go:199.32,200.32 1 0
github.com/tentacle-scylla/hydra/cluster.go:200.32,202.6 1 0
github.com/tentacle-scylla/hydra/cluster.go:204.4,213.31 2 0
github.com/tentacle-scylla/hydra/cluster.go:213.31,214.32 1 0
github.com/tentacle-scylla/hydra/cluster.go:214.32,215.14 1 0
github.com/tentacle-scylla/hydra/cluster.go:217.5,217.65 1 0
github.com/tentacle-scylla/hydra/cluster.go:217.65,220.6 2 0
github.com/tentacle-scylla/hydra/cluster.go:222.5,222.33 1 0
github.com/tentacle-scylla/hydra/cluster.go:222.33,223.43 1 0
github.com/tentacle-scylla/hydra/cluster.go:223.43,226.12 3 0
github.com/tentacle-scylla/hydra/cluster.go:229.5,236.7 2 0
github.com/tentacle-scylla/hydra/cluster.go:241.3,247.5 1 0
github.com/tentacle-scylla/hydra/cluster.go:248.8,248.27 1 0
github.com/tentacle-scylla/hydra/cluster.go:248.27,251.31 1 0
github.com/tentacle-scylla/hydra/cluster.go:251.31,253.4 1 0
github.com/tentacle-scylla/hydra/cluster.go:254.3,262.61 2 0
github.com/tentacle-scylla/hydra/cluster.go:262.61,264.4 1 0
github.com/tentacle-scylla/hydra/cluster.go:267.3,267.31 1 0
github.com/tentacle-scylla/hydra/cluster.go:267.31,269.4 1 0
github.com/tentacle-scylla/hydra/cluster.go:270.3,279.30 3 0
github.com/tentacle-scylla/hydra/cluster.go:279.30,280.64 1 0
github.com/tentacle-scylla/hydra/cluster.go:280.64,283.5 2 0
github.com/tentacle-scylla/hydra/cluster.go:285.4,285.32 1 0
github.com/tentacle-scylla/hydra/cluster.go:285.32,286.42 1 0
github.com/tentacle-scylla/hydra/cluster.go:286.42,289.11 3 0
github.com/tentacle-scylla/hydra/cluster.go:292.4,299.6 2 0
github.com/tentacle-scylla/hydra/cluster.go:303.3,309.5 1 0
github.com/tentacle-scylla/hydra/cluster.go:310.8,320.61 3 0
github.com/tentacle-scylla/hydra/cluster.go:320.61,322.4 1 0
github.com/tentacle-scylla/hydra/cluster.go:324.3,332.67 3 0
github.com/tentacle-scylla/hydra/cluster.go:332.67,335.4 2 0
github.com/tentacle-scylla/hydra/cluster.go:337.3,345.5 3 0
github.com/tentacle-scylla/hydra/cluster.go:349.2,352.26 2 0
github.com/tentacle-scylla/hydra/cluster.go:352.26,353.53 1 0
github.com/tentacle-scylla/hydra/cluster.go:353.53,355.4 1 0
github.com/tentacle-scylla/hydra/cluster.go:358.2,358.12 1 0
github.com/tentacle-scylla/hydra/cluster.go:362.86,364.16 2 0
github.com/tentacle-scylla/hydra/cluster.go:364.16,375.3 2 0
github.com/tentacle-scylla/hydra/cluster.go:376.2,376.15 1 0
github.com/tentacle-scylla/hydra/cluster.go:376.15,376.43 1 0
github.com/tentacle-scylla/hydra/cluster.go:379.2,389.58 2 0
github.com/tentacle-scylla/hydra/cluster.go:389.58,403.3 1 0
github.com/tentacle-scylla/hydra/cluster.go:406.2,407.16 2 0
github.com/tentacle-scylla/hydra/cluster.go:407.16,409.3 1 0
github.com/tentacle-scylla/hydra/cluster.go:411.2,411.13 1 0
github.com/tentacle-scylla/hydra/cluster.go:411.13,421.3 1 0
github.com/tentacle-scylla/hydra/cluster.go:423.2,423.12 1 0
github.com/tentacle-scylla/hydra/cluster.go:427.51,428.25 1 0
github.com/tentacle-scylla/hydra/cluster.go:428.25,430.3 1 0
github.com/tentacle-scylla/hydra/cluster.go:432.2,432.56 1 0
github.com/tentacle-scylla/hydra/cluster.go:432.56,434.3 1 0
github.com/tentacle-scylla/hydra/cluster.go:436.2,436.12 1 0
github.com/tentacle-scylla/hydra/cluster.go:440.54,441.25 1 0
github.com/tentacle-scylla/hydra/cluster.go:441.25,443.3 1 0
github.com/tentacle-scylla/hydra/cluster.go:445.2,445.82 1 0
github.com/tentacle-scylla/hydra/cluster.go:445.82,447.3 1 0
github.com/tentacle-scylla/hydra/cluster.go:450.2,450.21 1 0
github.com/tentacle-scylla/hydra/cluster.go:450.21,453.3 2 0
github.com/tentacle-scylla/hydra/cluster.go:455.2,458.12 3 0
github.com/tentacle-scylla/hydra/cluster.go:462.61,463.25 1 0
github.com/tentacle-scylla/hydra/cluster.go:463.25,465.3 1 0
github.com/tentacle-scylla/hydra/cluster.go:467.2,469.28 3 0
github.com/tentacle-scylla/hydra/cluster.go:473.63,474.25 1 0
github.com/tentacle-scylla/hydra/cluster.go:474.25,476.3 1 0
github.com/tentacle-scylla/hydra/cluster.go:478.2,480.28 3 0
github.com/tentacle-scylla/hydra/cluster.go:484.79,490.2 5 0
github.com/tentacle-scylla/hydra/cluster.go:555.60,557.2 1 0
github.com/tentacle-scylla/hydra/cluster.go:560.35,562.26 2 0
github.com/tentacle-scylla/hydra/cluster.go:562.26,563.8 1 0
github.com/tentacle-scylla/hydra/cluster.go:563.8,565.4 1 0
github.com/tentacle-scylla/hydra/cluster.go:567.2,567.14 1 0
github.com/tentacle-scylla/hydra/cluster.go:571.59,575.2 3 0
github.com/tentacle-scylla/hydra/cluster.go:577.55,578.25 1 0
github.com/tentacle-scylla/hydra/cluster.go:578.25,580.3 1 0
github.com/tentacle-scylla/hydra/cluster.go:584.73,586.18 2 0
github.com/tentacle-scylla/hydra/cluster.go:586.18,588.3 1 0
github.com/tentacle-scylla/hydra/cluster.go:590.2,592.34 2 0
github.com/tentacle-scylla/hydra/cluster.go:592.34,593.10 1 0
github.com/tentacle-scylla/hydra/cluster.go:594.21,595.20 1 0
github.com/tentacle-scylla/hydra/cluster.go:596.11,596.11 0 0
github.com/tentacle-scylla/hydra/cluster.go:599.3,599.29 1 0
github.com/tentacle-scylla/hydra/cluster.go:599.29,601.4 1 0
github.com/tentacle-scylla/hydra/cluster.go:603.3,603.30 1 0
github.com/tentacle-scylla/hydra/cluster.go:606.2,606.76 1 0
github.com/tentacle-scylla/hydra/cluster.go:610.49,617.29 6 0
github.com/tentacle-scylla/hydra/cluster.go:617.29,622.3 1 0
github.com/tentacle-scylla/hydra/cluster.go:624.2,625.16 2 0
github.com/tentacle-scylla/hydra/cluster.go:625.16,627.3 1 0
github.com/tentacle-scylla/hydra/cluster.go:628.2,632.83 3 0
github.com/tentacle-scylla/hydra/cluster.go:632.83,634.3 1 0
github.com/tentacle-scylla/hydra/cluster.go:636.2,636.13 1 0
github.com/tentacle-scylla/hydra/cluster.go:640.51,651.24 3 0
github.com/tentacle-scylla/hydra/cluster.go:651.24,653.3 1 0
github.com/tentacle-scylla/hydra/cluster.go:655.2,655.29 1 0
github.com/tentacle-scylla/hydra/cluster.go:655.29,664.3 1 0
github.com/tentacle-scylla/hydra/cluster.go:667.2,667.26 1 0
github.com/tentacle-scylla/hydra/cluster.go:667.26,669.23 2 0
github.com/tentacle-scylla/hydra/cluster.go:669.23,671.4 1 0
github.com/tentacle-scylla/hydra/cluster.go:672.3,676.4 1 0
github.com/tentacle-scylla/hydra/cluster.go:679.2,679.13 1 0
github.com/tentacle-scylla/hydra/cluster.go:683.53,684.45 1 0
github.com/tentacle-scylla/hydra/cluster.go:684.45,686.3 1 0
github.com/tentacle-scylla/hydra/cluster.go:688.2,694.29 6 0
github.com/tentacle-scylla/hydra/cluster.go:694.29,699.3 1 0
github.com/tentacle-scylla/hydra/cluster.go:701.2,701.32 1 0
github.com/tentacle-scylla/hydra/cluster.go:705.61,706.45 1 0
github.com/tentacle-scylla/hydra/cluster.go:706.45,708.3 1 0
github.com/tentacle-scylla/hydra/cluster.go:710.2,716.3 1 0
github.com/tentacle-scylla/hydra/cluster.go:722.94,725.43 3 0
github.com/tentacle-scylla/hydra/cluster.go:725.43,727.3 1 0
github.com/tentacle-scylla/hydra/cluster.go:728.2,728.21 1 0
github.com/tentacle-scylla/hydra/cluster.go:732.65,734.2 1 0
github.com/tentacle-scylla/hydra/cluster.go:737.31,740.2 2 0
github.com/tentacle-scylla/hydra/cluster.go:743.41,746.16 3 0
github.com/tentacle-scylla/hydra/cluster.go:746.16,748.3 1 0
github.com/tentacle-scylla/hydra/cluster.go:749.2,749.48 1 0
github.com/tentacle-scylla/hydra/cluster.go:753.38,756.16 3 0
github.com/tentacle-scylla/hydra/cluster.go:756.16,758.3 1 0
github.com/tentacle-scylla/hydra/cluster.go:759.2,759.48 1 0
github.com/tentacle-scylla/hydra/cluster.go:763.54,766.16 3 0
github.com/tentacle-scylla/hydra/cluster.go:766.16,768.3 1 0
github.com/tentacle-scylla/hydra/cluster.go:770.2,771.19 2 0
github.com/tentacle-scylla/hydra/cluster.go:771.19,773.3 1 0
github.com/tentacle-scylla/hydra/cluster.go:776.2,777.31 2 0
github.com/tentacle-scylla/hydra/cluster.go:781.39,785.16 3 0
github.com/tentacle-scylla/hydra/cluster.go:785.16,787.3 1 0
github.com/tentacle-scylla/hydra/cluster.go:790.2,792.16 3 0
github.com/tentacle-scylla/hydra/cluster.go:792.16,794.3 1 0
github.com/tentacle-scylla/hydra/cluster.go:796.2,797.62 2 0
github.com/tentacle-scylla/hydra/cluster.go:797.62,799.17 2 0
github.com/tentacle-scylla/hydra/cluster.go:799.17,800.12 1 0
github.com/tentacle-scylla/hydra/cluster.go:802.3,803.17 2 0
github.com/tentacle-scylla/hydra/cluster.go:803.17,805.4 1 0
github.com/tentacle-scylla/hydra/cluster.go:807.2,807.64 1 0
github.com/tentacle-scylla/hydra/cluster.go:807.64,809.17 2 0
github.com/tentacle-scylla/hydra/cluster.go:809.17,810.12 1 0
github.com/tentacle-scylla/hydra/cluster.go:812.3,813.17 2 0
github.com/tentacle-scylla/hydra/cluster.go:813.17,815.4 1 0
github.com/tentacle-scylla/hydra/cluster.go:818.2,818.19 1 0
github.com/tentacle-scylla/hydra/cluster.go:823.52,825.16 2 0
github.com/tentacle-scylla/hydra/cluster.go:825.16,827.3 1 0
github.com/tentacle-scylla/hydra/cluster.go:830.2,831.30 2 0
github.com/tentacle-scylla/hydra/cluster.go:831.30,833.3 1 0
github.com/tentacle-scylla/hydra/cluster.go:837.2,838.35 2 0
github.com/tentacle-scylla/hydra/cluster.go:838.35,841.34 2 0
github.com/tentacle-scylla/hydra/cluster.go:841.34,844.46 3 0
github.com/tentacle-scylla/hydra/cluster.go:844.46,846.10 2 0
github.com/tentacle-scylla/hydra/cluster.go:849.3,849.16 1 0
github.com/tentacle-scylla/hydra/cluster.go:849.16,851.4 1 0
github.com/tentacle-scylla/hydra/cluster.go:853.3,853.24 1 0
github.com/tentacle-scylla/hydra/cluster.go:856.2,856.55 1 0
github.com/tentacle-scylla/hydra/cluster.go:860.71,862.16 2 0
github.com/tentacle-scylla/hydra/cluster.go:862.16,864.3 1 0
github.com/tentacle-scylla/hydra/cluster.go:866.2,867.30 2 0
github.com/tentacle-scylla/hydra/cluster.go:867.30,869.3 1 0
github.com/tentacle-scylla/hydra/cluster.go:871.2,871.33 1 0
github.com/tentacle-scylla/hydra/cluster.go:871.33,874.23 3 0
github.com/tentacle-scylla/hydra/cluster.go:874.23,876.4 1 0
github.com/tentacle-scylla/hydra/cluster.go:877.3,877.25 1 0
github.com/tentacle-scylla/hydra/cluster.go:877.25,879.4 1 0
github.com/tentacle-scylla/hydra/cluster.go:882.2,882.23 1 0
github.com/tentacle-scylla/hydra/cluster.go:886.39,889.16 3 0
github.com/tentacle-scylla/hydra/cluster.go:889.16,891.3 1 0
github.com/tentacle-scylla/hydra/cluster.go:894.2,896.59 3 0
github.com/tentacle-scylla/hydra/cluster.go:896.59,898.32 2 0
github.com/tentacle-scylla/hydra/cluster.go:898.32,901.4 2 0
github.com/tentacle-scylla/hydra/cluster.go:904.2,904.22 1 0
github.com/tentacle-scylla/hydra/cluster.go:908.46,911.16 3 0
github.com/tentacle-scylla/hydra/cluster.go:911.16,913.3 1 0
github.com/tentacle-scylla/hydra/cluster.go:916.2,918.59 3 0
github.com/tentacle-scylla/hydra/cluster.go:918.59,920.32 2 0
github.com/tentacle-scylla/hydra/cluster.go:920.32,923.4 2 0
github.com/tentacle-scylla/hydra/cluster.go:926.2,926.22 1 0
github.com/tentacle-scylla/hydra/cluster.go:930.64,932.2 1 0
github.com/tentacle-scylla/hydra/cluster.go:935.105,936.46 1 0
github.com/tentacle-scylla/hydra/cluster.go:936.46,937.24 1 0
github.com/tentacle-scylla/hydra/cluster.go:937.24,939.4 1 0
github.com/tentacle-scylla/hydra/cluster.go:942.2,950.16 4 0
github.com/tentacle-scylla/hydra/cluster.go:950.16,952.3 1 0
github.com/tentacle-scylla/hydra/cluster.go:954.2,955.28 2 0
github.com/tentacle-scylla/hydra/cluster.go:955.28,961.3 2 0
github.com/tentacle-scylla/hydra/cluster.go:963.2,974.34 6 0
github.com/tentacle-scylla/hydra/cluster.go:974.34,976.3 1 0
github.com/tentacle-scylla/hydra/cluster.go:978.2,985.12 2 0
github.com/tentacle-scylla/hydra/cluster.go:990.94,994.16 3 0
github.com/tentacle-scylla/hydra/cluster.go:994.16,996.3 1 0
github.com/tentacle-scylla/hydra/cluster.go:998.2,999.28 2 0
github.com/tentacle-scylla/hydra/cluster.go:999.28,1001.3 1 0
github.com/tentacle-scylla/hydra/cluster.go:1004.2,1008.34 5 0
github.com/tentacle-scylla/hydra/cluster.go:1008.34,1010.3 1 0
github.com/tentacle-scylla/hydra/cluster.go:1013.2,1014.16 2 0
github.com/tentacle-scylla/hydra/cluster.go:1014.16,1016.3 1 0
github.com/tentacle-scylla/hydra/cluster.go:1019.2,1019.70 1 0
github.com/tentacle-scylla/hydra/cluster.go:1031.93,1036.16 3 0
github.com/tentacle-scylla/hydra/cluster.go:1036.16,1038.3 1 0
github.com/tentacle-scylla/hydra/cluster.go:1040.2,1041.59 2 0
github.com/tentacle-scylla/hydra/cluster.go:1041.59,1043.17 2 0
github.com/tentacle-scylla/hydra/cluster.go:1043.17,1044.12 1 0
github.com/tentacle-scylla/hydra/cluster.go:1046.3,1047.21 2 0
github.com/tentacle-scylla/hydra/cluster.go:1047.21,1048.12 1 0
github.com/tentacle-scylla/hydra/cluster.go:1050.3,1051.17 2 0
github.com/tentacle-scylla/hydra/cluster.go:1051.17,1052.12 1 0
github.com/tentacle-scylla/hydra/cluster.go:1054.3,1059.5 1 0
github.com/tentacle-scylla/hydra/cluster.go:1062.2,1062.19 1 0
github.com/tentacle-scylla/hydra/cluster.go:1067.132,1068.21 1 0
github.com/tentacle-scylla/hydra/cluster.go:1068.21,1070.3 1 0
github.com/tentacle-scylla/hydra/cluster.go:1072.2,1072.46 1 0
github.com/tentacle-scylla/hydra/cluster.go:1072.46,1073.24 1 0
github.com/tentacle-scylla/hydra/cluster.go:1073.24,1075.4 1 0
github.com/tentacle-scylla/hydra/cluster.go:1079.2,1080.29 2 0
github.com/tentacle-scylla/hydra/cluster.go:1080.29,1089.3 1 0
github.com/tentacle-scylla/hydra/cluster.go:1091.2,1102.34 5 0
github.com/tentacle-scylla/hydra/cluster.go:1102.34,1103.10 1 0
github.com/tentacle-scylla/hydra/cluster.go:1104.21,1105.20 1 0
github.com/tentacle-scylla/hydra/cluster.go:1106.11,1106.11 0 0
github.com/tentacle-scylla/hydra/cluster.go:1110.3,1110.24 1 0
github.com/tentacle-scylla/hydra/cluster.go:1110.24,1111.21 1 0
github.com/tentacle-scylla/hydra/cluster.go:1111.21,1113.5 1 0
github.com/tentacle-scylla/hydra/cluster.go:1117.3,1126.30 2 0
github.com/tentacle-scylla/hydra/cluster.go:1126.30,1127.20 1 0
github.com/tentacle-scylla/hydra/cluster.go:1127.20,1128.13 1 0
github.com/tentacle-scylla/hydra/cluster.go:1131.4,1131.33 1 0
github.com/tentacle-scylla/hydra/cluster.go:1131.33,1134.5 2 0
github.com/tentacle-scylla/hydra/cluster.go:1135.4,1135.36 1 0
github.com/tentacle-scylla/hydra/cluster.go:1138.3,1141.35 2 0
github.com/tentacle-scylla/hydra/cluster.go:1141.35,1150.4 2 0
github.com/tentacle-scylla/hydra/cluster.go:1153.3,1153.33 1 0
github.com/tentacle-scylla/hydra/cluster.go:1153.33,1162.4 2 0
github.com/tentacle-scylla/hydra/cluster.go:1164.3,1164.30 1 0
github.com/tentacle-scylla/hydra/cluster.go:1167.2,1167.62 1 0
github.com/tentacle-scylla/hydra/cluster.go:1171.36,1182.16 7 0
github.com/tentacle-scylla/hydra/cluster.go:1182.16,1184.3 1 0
github.com/tentacle-scylla/hydra/cluster.go:1185.2,1186.13 2 0
github.com/tentacle-scylla/hydra/cluster.go:1190.46,1193.16 3 0
github.com/tentacle-scylla/hydra/cluster.go:1193.16,1195.3 1 0
github.com/tentacle-scylla/hydra/cluster.go:1198.2,1200.59 3 0
github.com/tentacle-scylla/hydra/cluster.go:1200.59,1202.32 2 0
github.com/tentacle-scylla/hydra/cluster.go:1202.32,1205.4 2 0
github.com/tentacle-scylla/hydra/cluster.go:1208.2,1208.22 1 0
github.com/tentacle-scylla/hydra/cluster.go:1212.67,1214.2 1 0
github.com/tentacle-scylla/hydra/cluster.go:1217.108,1218.46 1 0
github.com/tentacle-scylla/hydra/cluster.go:1218.46,1219.24 1 0
github.com/tentacle-scylla/hydra/cluster.go:1219.24,1221.4 1 0
github.com/tentacle-scylla/hydra/cluster.go:1224.2,1232.16 4 0
github.com/tentacle-scylla/hydra/cluster.go:1232.16,1234.3 1 0
github.com/tentacle-scylla/hydra/cluster.go:1236.2,1237.27 2 0
github.com/tentacle-scylla/hydra/cluster.go:1237.27,1258.35 10 0
github.com/tentacle-scylla/hydra/cluster.go:1258.35,1260.4 1 0
github.com/tentacle-scylla/hydra/cluster.go:1263.2,1272.16 4 0
github.com/tentacle-scylla/hydra/cluster.go:1272.16,1274.36 2 0
github.com/tentacle-scylla/hydra/cluster.go:1274.36,1277.4 2 0
github.com/tentacle-scylla/hydra/cluster.go:1281.2,1297.16 9 0
github.com/tentacle-scylla/hydra/cluster.go:1297.16,1299.23 2 0
github.com/tentacle-scylla/hydra/cluster.go:1299.23,1303.4 3 0
github.com/tentacle-scylla/hydra/cluster.go:1306.2,1311.12 2 0
github.com/tentacle-scylla/hydra/cluster.go:1315.71,1319.16 3 0
github.com/tentacle-scylla/hydra/cluster.go:1319.16,1321.3 1 0
github.com/tentacle-scylla/hydra/cluster.go:1323.2,1324.28 2 0
github.com/tentacle-scylla/hydra/cluster.go:1324.28,1326.3 1 0
github.com/tentacle-scylla/hydra/cluster.go:1328.2,1329.34 2 0
github.com/tentacle-scylla/hydra/cluster.go:1329.34,1332.17 3 0
github.com/tentacle-scylla/hydra/cluster.go:1332.17,1333.12 1 0
github.com/tentacle-scylla/hydra/cluster.go:1335.3,1337.25 3 0
github.com/tentacle-scylla/hydra/cluster.go:1340.2,1340.27 1 0
github.com/tentacle-scylla/hydra/cluster.go:1345.67,1357.36 3 0
github.com/tentacle-scylla/hydra/cluster.go:1357.36,1358.59 1 0
github.com/tentacle-scylla/hydra/cluster.go:1358.59,1360.4 1 0
github.com/tentacle-scylla/hydra/cluster.go:1364.2,1368.81 2 0
github.com/tentacle-scylla/hydra/cluster.go:1368.81,1370.3 1 0
github.com/tentacle-scylla/hydra/cluster.go:1373.2,1377.48 2 0
github.com/tentacle-scylla/hydra/cluster.go:1377.48,1379.3 1 0
github.com/tentacle-scylla/hydra/cluster.go:1382.2,1386.78 2 0
github.com/tentacle-scylla/hydra/cluster.go:1386.78,1388.3 1 0
github.com/tentacle-scylla/hydra/cluster.go:1391.2,1393.29 3 0
github.com/tentacle-scylla/hydra/cluster.go:1393.29,1395.3 1 0
github.com/tentacle-scylla/hydra/cluster.go:1397.2,1402.57 3 0
github.com/tentacle-scylla/hydra/cluster.go:1402.57,1404.3 1 0
github.com/tentacle-scylla/hydra/cluster.go:1407.2,1411.46 2 0
github.com/tentacle-scylla/hydra/cluster.go:1411.46,1413.3 1 0
github.com/tentacle-scylla/hydra/cluster.go:1416.2,1420.58 2 0
github.com/tentacle-scylla/hydra/cluster.go:1420.58,1426.3 1 0
github.com/tentacle-scylla/hydra/cluster.go:1426.8,1431.3 1 0
github.com/tentacle-scylla/hydra/cluster.go:1433.2,1433.12 1 0
github.com/tentacle-scylla/hydra/cluster.go:1437.63,1443.34 4 0
github.com/tentacle-scylla/hydra/cluster.go:1443.34,1444.10 1 0
github.com/tentacle-scylla/hydra/cluster.go:1445.21,1446.20 1 0
github.com/tentacle-scylla/hydra/cluster.go:1447.11,1447.11 0 0
github.com/tentacle-scylla/hydra/cluster.go:1451.3,1453.35 2 0
github.com/tentacle-scylla/hydra/cluster.go:1453.35,1455.4 1 0
github.com/tentacle-scylla/hydra/cluster.go:1457.3,1457.30 1 0
github.com/tentacle-scylla/hydra/cluster.go:1460.2,1460.65 1 0
github.com/tentacle-scylla/hydra/cluster.go:1464.61,1470.34 4 0
github.com/tentacle-scylla/hydra/cluster.go:1470.34,1471.10 1 0
github.com/tentacle-scylla/hydra/cluster.go:1472.21,1473.20 1 0
github.com/tentacle-scylla/hydra/cluster.go:1474.11,1474.11 0 0
github.com/tentacle-scylla/hydra/cluster.go:1478.3,1479.35 2 0
github.com/tentacle-scylla/hydra/cluster.go:1479.35,1481.4 1 0
github.com/tentacle-scylla/hydra/cluster.go:1483.3,1483.30 1 0
github.com/tentacle-scylla/hydra/cluster.go:1486.2,1486.62 1 0
github.com/tentacle-scylla/hydra/cluster.go:1490.73,1495.21 3 0
github.com/tentacle-scylla/hydra/cluster.go:1495.21,1497.3 1 0
github.com/tentacle-scylla/hydra/cluster.go:1499.2,1511.16 4 0
github.com/tentacle-scylla/hydra/cluster.go:1511.16,1513.3 1 0
github.com/tentacle-scylla/hydra/cluster.go:1515.2,1515.12 1 0
github.com/tentacle-scylla/hydra/compose.go:72.63,73.20 1 0
github.com/tentacle-scylla/hydra/compose.go:73.20,75.3 1 0
github.com/tentacle-scylla/hydra/compose.go:77.2,77.63 1 0
github.com/tentacle-scylla/hydra/compose.go:77.63,83.3 1 0
github.com/tentacle-scylla/hydra/compose.go:86.2,86.23 1 0
github.com/tentacle-scylla/hydra/compose.go:86.23,88.3 1 0
github.com/tentacle-scylla/hydra/compose.go:89.2,89.33 1 0
github.com/tentacle-scylla/hydra/compose.go:89.33,91.3 1 0
github.com/tentacle-scylla/hydra/compose.go:92.2,92.28 1 0
github.com/tentacle-scylla/hydra/compose.go:92.28,94.3 1 0
github.com/tentacle-scylla/hydra/compose.go:95.2,95.25 1 0
github.com/tentacle-scylla/hydra/compose.go:95.25,97.3 1 0
github.com/tentacle-scylla/hydra/compose.go:98.2,98.31 1 0
github.com/tentacle-scylla/hydra/compose.go:98.31,100.3 1 0
github.com/tentacle-scylla/hydra/compose.go:101.2,101.31 1 0
github.com/tentacle-scylla/hydra/compose.go:101.31,103.3 1 0
github.com/tentacle-scylla/hydra/compose.go:104.2,104.23 1 0
github.com/tentacle-scylla/hydra/compose.go:104.23,106.3 1 0
github.com/tentacle-scylla/hydra/compose.go:107.2,107.26 1 0
github.com/tentacle-scylla/hydra/compose.go:107.26,109.3 1 0
github.com/tentacle-scylla/hydra/compose.go:110.2,110.51 1 0
github.com/tentacle-scylla/hydra/compose.go:110.51,112.3 1 0
github.com/tentacle-scylla/hydra/compose.go:114.2,115.23 2 0
github.com/tentacle-scylla/hydra/compose.go:115.23,117.3 1 0
github.com/tentacle-scylla/hydra/compose.go:120.2,121.21 2 0
github.com/tentacle-scylla/hydra/compose.go:121.21,123.3 1 0
github.com/tentacle-scylla/hydra/compose.go:127.2,129.29 3 0
github.com/tentacle-scylla/hydra/compose.go:129.29,131.3 1 0
github.com/tentacle-scylla/hydra/compose.go:132.2,142.29 3 0
github.com/tentacle-scylla/hydra/compose.go:142.29,156.25 5 0
github.com/tentacle-scylla/hydra/compose.go:156.25,161.4 1 0
github.com/tentacle-scylla/hydra/compose.go:164.3,164.31 1 0
github.com/tentacle-scylla/hydra/compose.go:164.31,166.4 1 0
github.com/tentacle-scylla/hydra/compose.go:169.3,198.32 3 0
github.com/tentacle-scylla/hydra/compose.go:198.32,200.4 1 0
github.com/tentacle-scylla/hydra/compose.go:203.3,203.30 1 0
github.com/tentacle-scylla/hydra/compose.go:203.30,205.26 2 0
github.com/tentacle-scylla/hydra/compose.go:205.26,207.5 1 0
github.com/tentacle-scylla/hydra/compose.go:208.4,214.5 1 0
github.com/tentacle-scylla/hydra/compose.go:215.9,218.21 2 0
github.com/tentacle-scylla/hydra/compose.go:218.21,220.5 1 0
github.com/tentacle-scylla/hydra/compose.go:223.3,224.48 2 0
github.com/tentacle-scylla/hydra/compose.go:228.2,228.21 1 0
github.com/tentacle-scylla/hydra/compose.go:228.21,230.3 1 0
github.com/tentacle-scylla/hydra/compose.go:232.2,232.21 1 0
github.com/tentacle-scylla/hydra/compose.go:236.51,242.43 4 0
github.com/tentacle-scylla/hydra/compose.go:242.43,244.3 1 0
github.com/tentacle-scylla/hydra/compose.go:245.2,250.29 3 0
github.com/tentacle-scylla/hydra/compose.go:250.29,254.27 3 0
github.com/tentacle-scylla/hydra/compose.go:254.27,257.34 2 0
github.com/tentacle-scylla/hydra/compose.go:257.34,259.5 1 0
github.com/tentacle-scylla/hydra/compose.go:260.4,262.35 2 0
github.com/tentacle-scylla/hydra/compose.go:262.35,264.32 2 0
github.com/tentacle-scylla/hydra/compose.go:264.32,266.19 2 0
github.com/tentacle-scylla/hydra/compose.go:266.19,268.7 1 0
github.com/tentacle-scylla/hydra/compose.go:269.6,279.19 3 0
github.com/tentacle-scylla/hydra/compose.go:282.9,284.37 1 0
github.com/tentacle-scylla/hydra/compose.go:284.37,286.18 2 0
github.com/tentacle-scylla/hydra/compose.go:286.18,288.6 1 0
github.com/tentacle-scylla/hydra/compose.go:289.5,299.18 3 0
github.com/tentacle-scylla/hydra/compose.go:304.2,304.14 1 0
github.com/tentacle-scylla/hydra/compose.go:308.48,310.2 1 0
github.com/tentacle-scylla/hydra/compose.go:313.61,315.16 2 0
github.com/tentacle-scylla/hydra/compose.go:315.16,317.3 1 0
github.com/tentacle-scylla/hydra/compose.go:318.2,318.25 1 0
github.com/tentacle-scylla/hydra/compose.go:322.69,325.51 1 0
github.com/tentacle-scylla/hydra/compose.go:325.51,327.3 1 0
github.com/tentacle-scylla/hydra/compose.go:329.2,330.16 2 0
github.com/tentacle-scylla/hydra/compose.go:330.16,332.3 1 0
github.com/tentacle-scylla/hydra/compose.go:334.2,335.16 2 0
github.com/tentacle-scylla/hydra/compose.go:335.16,337.3 1 0
github.com/tentacle-scylla/hydra/compose.go:340.2,344.29 3 0
github.com/tentacle-scylla/hydra/compose.go:344.29,349.3 1 0
github.com/tentacle-scylla/hydra/compose.go:352.2,352.21 1 0
github.com/tentacle-scylla/hydra/compose.go:352.21,359.30 2 0
github.com/tentacle-scylla/hydra/compose.go:359.30,364.4 2 0
github.com/tentacle-scylla/hydra/compose.go:367.2,370.8 1 0
github.com/tentacle-scylla/hydra/compose.go:374.55,376.2 1 0
github.com/tentacle-scylla/hydra/compose.go:379.51,390.36 2 0
github.com/tentacle-scylla/hydra/compose.go:390.36,394.3 1 0
github.com/tentacle-scylla/hydra/compose.go:398.2,398.21 1 0
github.com/tentacle-scylla/hydra/compose.go:398.21,403.3 1 0
github.com/tentacle-scylla/hydra/compose.go:405.2,405.13 1 0
github.com/tentacle-scylla/hydra/compose.go:410.52,413.17 1 0
github.com/tentacle-scylla/hydra/compose.go:414.39,415.14 1 0
github.com/tentacle-scylla/hydra/compose.go:416.10,417.15 1 0
github.com/tentacle-scylla/hydra/compose.go:423.53,426.17 1 0
github.com/tentacle-scylla/hydra/compose.go:427.39,428.14 1 0
github.com/tentacle-scylla/hydra/compose.go:429.10,430.15 1 0
github.com/tentacle-scylla/hydra/compose.go:435.45,439.29 3 0
github.com/tentacle-scylla/hydra/compose.go:439.29,440.24 1 0
github.com/tentacle-scylla/hydra/compose.go:440.24,443.4 2 0
github.com/tentacle-scylla/hydra/compose.go:446.2,446.14 1 0
github.com/tentacle-scylla/hydra/compose.go:450.55,451.29 1 0
github.com/tentacle-scylla/hydra/compose.go:451.29,452.29 1 0
github.com/tentacle-scylla/hydra/compose.go:452.29,454.4 1 0
github.com/tentacle-scylla/hydra/compose.go:456.2,456.14 1 0
github.com/tentacle-scylla/hydra/compose.go:460.56,461.23 1 0
github.com/tentacle-scylla/hydra/compose.go:461.23,462.24 1 0
github.com/tentacle-scylla/hydra/compose.go:462.24,464.4 1 0
github.com/tentacle-scylla/hydra/compose.go:466.2,466.12 1 0
github.com/tentacle-scylla/hydra/compose.go:474.104,538.29 11 0
github.com/tentacle-scylla/hydra/compose.go:538.29,566.3 6 0
github.com/tentacle-scylla/hydra/compose.go:570.52,590.2 1 0
github.com/tentacle-scylla/hydra/compose.go:593.64,620.2 1 0
github.com/tentacle-scylla/hydra/config.go:36.36,45.2 1 3
github.com/tentacle-scylla/hydra/config.go:48.43,54.2 1 3
github.com/tentacle-scylla/hydra/config.go:57.36,59.2 1 1
github.com/tentacle-scylla/hydra/config.go:62.42,67.2 1 1
github.com/tentacle-scylla/hydra/config.go:70.41,77.2 1 0
github.com/tentacle-scylla/hydra/config.go:80.55,88.2 1 0
github.com/tentacle-scylla/hydra/config.go:162.36,180.2 1 5
github.com/tentacle-scylla/hydra/config.go:183.67,188.2 4 1
github.com/tentacle-scylla/hydra/config.go:191.66,201.2 5 1
github.com/tentacle-scylla/hydra/config.go:204.91,210.36 5 1
github.com/tentacle-scylla/hydra/config.go:210.36,212.3 1 2
github.com/tentacle-scylla/hydra/config.go:213.2,215.12 2 1
github.com/tentacle-scylla/hydra/config.go:219.101,225.33 5 1
github.com/tentacle-scylla/hydra/config.go:225.33,227.27 2 2
github.com/tentacle-scylla/hydra/config.go:227.27,229.4 1 3
github.com/tentacle-scylla/hydra/config.go:230.3,233.4 1 2
github.com/tentacle-scylla/hydra/config.go:235.2,237.12 2 1
github.com/tentacle-scylla/hydra/config.go:270.44,271.23 1 2
github.com/tentacle-scylla/hydra/config.go:271.23,273.3 1 1
github.com/tentacle-scylla/hydra/config.go:274.2,274.71 1 1
github.com/tentacle-scylla/hydra/config.go:278.43,280.31 2 1
github.com/tentacle-scylla/hydra/config.go:280.31,283.3 2 3
github.com/tentacle-scylla/hydra/config.go:284.2,284.14 1 1
github.com/tentacle-scylla/hydra/config.go:288.40,290.31 2 1
github.com/tentacle-scylla/hydra/config.go:290.31,292.3 1 3
github.com/tentacle-scylla/hydra/config.go:293.2,293.14 1 1
github.com/tentacle-scylla/hydra/config.go:297.42,298.23 1 2
github.com/tentacle-scylla/hydra/config.go:298.23,300.3 1 1
github.com/tentacle-scylla/hydra/config.go:301.2,301.27 1 1
github.com/tentacle-scylla/hydra/config.go:305.33,307.44 2 2
github.com/tentacle-scylla/hydra/config.go:307.44,310.3 1 0
github.com/tentacle-scylla/hydra/config.go:311.2,311.34 1 2
github.com/tentacle-scylla/hydra/docker.go:35.47,37.16 2 0
github.com/tentacle-scylla/hydra/docker.go:37.16,39.3 1 0
github.com/tentacle-scylla/hydra/docker.go:41.2,41.37 1 0
github.com/tentacle-scylla/hydra/docker.go:45.62,47.2 1 0
github.com/tentacle-scylla/hydra/docker.go:49.57,50.25 1 0
github.com/tentacle-scylla/hydra/docker.go:50.25,52.3 1 0
github.com/tentacle-scylla/hydra/docker.go:56.38,58.2 1 0
github.com/tentacle-scylla/hydra/docker.go:61.89,63.16 2 0
github.com/tentacle-scylla/hydra/docker.go:63.16,66.47 1 0
github.com/tentacle-scylla/hydra/docker.go:66.47,68.4 1 0
github.com/tentacle-scylla/hydra/docker.go:69.3,69.20 1 0
github.com/tentacle-scylla/hydra/docker.go:71.2,71.18 1 0
github.com/tentacle-scylla/hydra/docker.go:85.79,93.16 3 0
github.com/tentacle-scylla/hydra/docker.go:93.16,101.3 2 0
github.com/tentacle-scylla/hydra/docker.go:102.2,102.15 1 0
github.com/tentacle-scylla/hydra/docker.go:102.15,102.39 1 0
github.com/tentacle-scylla/hydra/docker.go:105.2,113.51 3 0
github.com/tentacle-scylla/hydra/docker.go:113.51,114.17 1 0
github.com/tentacle-scylla/hydra/docker.go:114.17,122.4 2 0
github.com/tentacle-scylla/hydra/docker.go:124.3,124.23 1 0
github.com/tentacle-scylla/hydra/docker.go:124.23,132.4 2 0
github.com/tentacle-scylla/hydra/docker.go:135.3,135.42 1 0
github.com/tentacle-scylla/hydra/docker.go:135.42,143.4 1 0
github.com/tentacle-scylla/hydra/docker.go:146.3,146.19 1 0
github.com/tentacle-scylla/hydra/docker.go:146.19,147.11 1 0
github.com/tentacle-scylla/hydra/docker.go:148.53,149.48 1 0
github.com/tentacle-scylla/hydra/docker.go:150.59,151.47 1 0
github.com/tentacle-scylla/hydra/docker.go:152.52,153.47 1 0
github.com/tentacle-scylla/hydra/docker.go:154.103,155.45 1 0
github.com/tentacle-scylla/hydra/docker.go:160.3,161.36 2 0
github.com/tentacle-scylla/hydra/docker.go:161.36,162.20 1 0
github.com/tentacle-scylla/hydra/docker.go:162.20,165.5 2 0
github.com/tentacle-scylla/hydra/docker.go:168.3,169.20 2 0
github.com/tentacle-scylla/hydra/docker.go:169.20,171.4 1 0
github.com/tentacle-scylla/hydra/docker.go:174.3,175.37 2 0
github.com/tentacle-scylla/hydra/docker.go:175.37,176.17 1 0
github.com/tentacle-scylla/hydra/docker.go:177.31,178.18 1 0
github.com/tentacle-scylla/hydra/docker.go:179.30,180.17 1 0
github.com/tentacle-scylla/hydra/docker.go:181.30,182.17 1 0
github.com/tentacle-scylla/hydra/docker.go:183.28,184.15 1 0
github.com/tentacle-scylla/hydra/docker.go:189.3,190.22 2 0
github.com/tentacle-scylla/hydra/docker.go:190.22,192.4 1 0
github.com/tentacle-scylla/hydra/docker.go:193.3,193.21 1 0
github.com/tentacle-scylla/hydra/docker.go:193.21,195.4 1 0
github.com/tentacle-scylla/hydra/docker.go:197.3,206.5 1 0
github.com/tentacle-scylla/hydra/docker.go:210.2,211.36 2 0
github.com/tentacle-scylla/hydra/docker.go:211.36,212.34 1 0
github.com/tentacle-scylla/hydra/docker.go:212.34,214.4 1 0
github.com/tentacle-scylla/hydra/docker.go:217.2,225.12 2 0
github.com/tentacle-scylla/hydra/docker.go:229.98,231.16 2 0
github.com/tentacle-scylla/hydra/docker.go:231.16,233.3 1 0
github.com/tentacle-scylla/hydra/docker.go:235.2,235.12 1 0
github.com/tentacle-scylla/hydra/docker.go:235.12,243.3 2 0
github.com/tentacle-scylla/hydra/docker.go:245.2,245.42 1 0
github.com/tentacle-scylla/hydra/docker.go:249.56,252.2 2 0
github.com/tentacle-scylla/hydra/seed.go:49.37,56.2 1 0
github.com/tentacle-scylla/hydra/seed.go:70.100,72.16 2 0
github.com/tentacle-scylla/hydra/seed.go:72.16,74.3 1 0
github.com/tentacle-scylla/hydra/seed.go:75.2,77.51 2 0
github.com/tentacle-scylla/hydra/seed.go:81.118,82.33 1 0
github.com/tentacle-scylla/hydra/seed.go:82.33,83.24 1 0
github.com/tentacle-scylla/hydra/seed.go:83.24,85.4 1 0
github.com/tentacle-scylla/hydra/seed.go:89.2,89.36 1 0
github.com/tentacle-scylla/hydra/seed.go:89.36,93.55 3 0
github.com/tentacle-scylla/hydra/seed.go:93.55,95.4 1 0
github.com/tentacle-scylla/hydra/seed.go:97.3,97.81 1 0
github.com/tentacle-scylla/hydra/seed.go:101.2,101.40 1 0
github.com/tentacle-scylla/hydra/seed.go:101.40,105.73 2 0
github.com/tentacle-scylla/hydra/seed.go:105.73,107.12 2 0
github.com/tentacle-scylla/hydra/seed.go:109.3,109.56 1 0
github.com/tentacle-scylla/hydra/seed.go:109.56,111.12 2 0
github.com/tentacle-scylla/hydra/seed.go:114.3,116.55 2 0
github.com/tentacle-scylla/hydra/seed.go:116.55,119.12 2 0
github.com/tentacle-scylla/hydra/seed.go:122.3,122.81 1 0
github.com/tentacle-scylla/hydra/seed.go:126.2,126.18 1 0
github.com/tentacle-scylla/hydra/seed.go:126.18,129.62 2 0
github.com/tentacle-scylla/hydra/seed.go:129.62,131.4 1 0
github.com/tentacle-scylla/hydra/seed.go:134.3,134.27 1 0
github.com/tentacle-scylla/hydra/seed.go:134.27,136.89 2 0
github.com/tentacle-scylla/hydra/seed.go:136.89,143.5 1 0
github.com/tentacle-scylla/hydra/seed.go:143.19,145.5 1 0
github.com/tentacle-scylla/hydra/seed.go:148.3,148.71 1 0
github.com/tentacle-scylla/hydra/seed.go:151.2,151.12 1 0
github.com/tentacle-scylla/hydra/seed.go:155.43,156.9 1 0
github.com/tentacle-scylla/hydra/seed.go:157.43,158.21 1 0
github.com/tentacle-scylla/hydra/seed.go:159.39,160.17 1 0
github.com/tentacle-scylla/hydra/seed.go:161.40,162.18 1 0
github.com/tentacle-scylla/hydra/seed.go:163.41,164.18 1 0
github.com/tentacle-scylla/hydra/seed.go:165.41,166.19 1 0
github.com/tentacle-scylla/hydra/seed.go:167.39,168.17 1 0
github.com/tentacle-scylla/hydra/seed.go:169.48,170.26 1 0
github.com/tentacle-scylla/hydra/seed.go:171.39,172.17 1 0
github.com/tentacle-scylla/hydra/seed.go:173.38,174.16 1 0
github.com/tentacle-scylla/hydra/seed.go:175.10,176.18 1 0
github.com/tentacle-scylla/hydra/seed.go:181.68,183.16 2 0
github.com/tentacle-scylla/hydra/seed.go:183.16,185.3 1 0
github.com/tentacle-scylla/hydra/seed.go:187.2,189.34 2 0
github.com/tentacle-scylla/hydra/seed.go:189.34,190.17 1 0
github.com/tentacle-scylla/hydra/seed.go:190.17,191.12 1 0
github.com/tentacle-scylla/hydra/seed.go:194.3,194.52 1 0
github.com/tentacle-scylla/hydra/seed.go:194.52,197.4 1 0
github.com/tentacle-scylla/hydra/seed.go:200.2,200.12 1 0
github.com/tentacle-scylla/hydra/seed.go:205.50,212.21 5 0
github.com/tentacle-scylla/hydra/seed.go:212.21,217.64 3 0
github.com/tentacle-scylla/hydra/seed.go:217.64,218.20 1 0
github.com/tentacle-scylla/hydra/seed.go:218.20,219.13 1 0
github.com/tentacle-scylla/hydra/seed.go:222.4,222.44 1 0
github.com/tentacle-scylla/hydra/seed.go:222.44,223.13 1 0
github.com/tentacle-scylla/hydra/seed.go:228.3,228.81 1 0
github.com/tentacle-scylla/hydra/seed.go:228.81,230.4 1 0
github.com/tentacle-scylla/hydra/seed.go:232.3,232.18 1 0
github.com/tentacle-scylla/hydra/seed.go:232.18,239.60 4 0
github.com/tentacle-scylla/hydra/seed.go:239.60,244.19 4 0
github.com/tentacle-scylla/hydra/seed.go:244.19,246.6 1 0
github.com/tentacle-scylla/hydra/seed.go:247.5,248.24 2 0
github.com/tentacle-scylla/hydra/seed.go:254.2,254.27 1 0
github.com/tentacle-scylla/hydra/seed.go:254.27,258.17 4 0
github.com/tentacle-scylla/hydra/seed.go:258.17,260.4 1 0
github.com/tentacle-scylla/hydra/seed.go:263.2,263.19 1 0
github.com/tentacle-scylla/hydra/seed.go:267.47,270.33 2 0
github.com/tentacle-scylla/hydra/seed.go:270.33,271.22 1 0
github.com/tentacle-scylla/hydra/seed.go:271.22,273.4 1 0
github.com/tentacle-scylla/hydra/seed.go:273.9,273.80 1 0
github.com/tentacle-scylla/hydra/seed.go:273.80,275.4 1 0
github.com/tentacle-scylla/hydra/seed.go:277.2,277.13 1 0
github.com/tentacle-scylla/hydra/seed.go:281.44,282.21 1 0
github.com/tentacle-scylla/hydra/seed.go:282.21,284.3 1 0
github.com/tentacle-scylla/hydra/seed.go:285.2,285.13 1 0
github.com/tentacle-scylla/hydra/seed.go:289.108,311.32 7 0
github.com/tentacle-scylla/hydra/seed.go:311.32,315.26 4 0
github.com/tentacle-scylla/hydra/seed.go:315.26,317.4 1 0
github.com/tentacle-scylla/hydra/seed.go:319.3,331.17 2 0
github.com/tentacle-scylla/hydra/seed.go:331.17,333.4 1 0
github.com/tentacle-scylla/hydra/seed.go:335.3,336.27 2 0
github.com/tentacle-scylla/hydra/seed.go:340.2,340.32 1 0
github.com/tentacle-scylla/hydra/seed.go:340.32,365.17 5 0
github.com/tentacle-scylla/hydra/seed.go:365.17,367.4 1 0
github.com/tentacle-scylla/hydra/seed.go:369.3,370.27 2 0
github.com/tentacle-scylla/hydra/seed.go:374.2,375.32 2 0
github.com/tentacle-scylla/hydra/seed.go:375.32,391.17 5 0
github.com/tentacle-scylla/hydra/seed.go:391.17,393.4 1 0
github.com/tentacle-scylla/hydra/seed.go:395.3,396.27 2 0
github.com/tentacle-scylla/hydra/seed.go:399.2,399.12 1 0
github.com/tentacle-scylla/hydra/seed.go:403.113,406.16 2 0
github.com/tentacle-scylla/hydra/seed.go:406.16,408.3 1 0
github.com/tentacle-scylla/hydra/seed.go:411.2,421.16 7 0
github.com/tentacle-scylla/hydra/seed.go:421.16,423.3 1 0
github.com/tentacle-scylla/hydra/seed.go:424.2,426.51 2 0
